TN:
SF:src/use-cases/submit-feedback-use-case.ts
FN:14,execute
FN:10,SubmitFeedbackUseCase
FNF:2
FNH:2
FNDA:4,execute
FNDA:1,SubmitFeedbackUseCase
DA:1,1
DA:2,1
DA:3,1
DA:4,1
DA:5,1
DA:6,1
DA:7,1
DA:8,1
DA:9,1
DA:10,1
DA:11,1
DA:12,1
DA:13,1
DA:14,1
DA:15,4
DA:16,4
DA:17,1
DA:18,1
DA:19,4
DA:20,1
DA:21,1
DA:22,4
DA:23,1
DA:24,1
DA:25,1
DA:26,1
DA:27,1
DA:28,1
DA:29,1
DA:30,1
DA:31,1
DA:32,1
DA:33,1
DA:34,1
DA:35,1
DA:36,1
DA:37,1
DA:38,1
DA:39,1
DA:40,1
LF:40
LH:40
BRDA:14,0,0,4
BRDA:16,1,0,1
BRDA:18,2,0,3
BRDA:19,3,0,1
BRDA:21,4,0,2
BRDA:22,5,0,1
BRDA:10,6,0,1
BRF:7
BRH:7
end_of_record
